Traceback (most recent call last):
  File "/Users/ks/Desktop/Orion Astrathone/meteorpath/backend/run_backend.py", line 14, in <module>
    uvicorn.run("app.main:app", host="0.0.0.0", port=8000, reload=False)
    ~~~~~~~~~~~^^^^^^^^^^^^^^^^^^^^^^^^^^^^^^^^^^^^^^^^^^^^^^^^^^^^^^^^^
  File "/Library/Frameworks/Python.framework/Versions/3.14/lib/python3.14/site-packages/uvicorn/main.py", line 594, in run
    server.run()
    ~~~~~~~~~~^^
  File "/Library/Frameworks/Python.framework/Versions/3.14/lib/python3.14/site-packages/uvicorn/server.py", line 67, in run
    return asyncio_run(self.serve(sockets=sockets), loop_factory=self.config.get_loop_factory())
  File "/Library/Frameworks/Python.framework/Versions/3.14/lib/python3.14/asyncio/runners.py", line 204, in run
    return runner.run(main)
           ~~~~~~~~~~^^^^^^
  File "/Library/Frameworks/Python.framework/Versions/3.14/lib/python3.14/asyncio/runners.py", line 127, in run
    return self._loop.run_until_complete(task)
           ~~~~~~~~~~~~~~~~~~~~~~~~~~~~~^^^^^^
  File "/Library/Frameworks/Python.framework/Versions/3.14/lib/python3.14/asyncio/base_events.py", line 719, in run_until_complete
    return future.result()
           ~~~~~~~~~~~~~^^
  File "/Library/Frameworks/Python.framework/Versions/3.14/lib/python3.14/site-packages/uvicorn/server.py", line 71, in serve
    await self._serve(sockets)
  File "/Library/Frameworks/Python.framework/Versions/3.14/lib/python3.14/site-packages/uvicorn/server.py", line 78, in _serve
    config.load()
    ~~~~~~~~~~~^^
  File "/Library/Frameworks/Python.framework/Versions/3.14/lib/python3.14/site-packages/uvicorn/config.py", line 439, in load
    self.loaded_app = import_from_string(self.app)
                      ~~~~~~~~~~~~~~~~~~^^^^^^^^^^
  File "/Library/Frameworks/Python.framework/Versions/3.14/lib/python3.14/site-packages/uvicorn/importer.py", line 22, in import_from_string
    raise exc from None
  File "/Library/Frameworks/Python.framework/Versions/3.14/lib/python3.14/site-packages/uvicorn/importer.py", line 19, in import_from_string
    module = importlib.import_module(module_str)
  File "/Library/Frameworks/Python.framework/Versions/3.14/lib/python3.14/importlib/__init__.py", line 88, in import_module
    return _bootstrap._gcd_import(name[level:], package, level)
           ~~~~~~~~~~~~~~~~~~~~~~^^^^^^^^^^^^^^^^^^^^^^^^^^^^^^
  File "<frozen importlib._bootstrap>", line 1398, in _gcd_import
  File "<frozen importlib._bootstrap>", line 1371, in _find_and_load
  File "<frozen importlib._bootstrap>", line 1342, in _find_and_load_unlocked
  File "<frozen importlib._bootstrap>", line 938, in _load_unlocked
  File "<frozen importlib._bootstrap_external>", line 759, in exec_module
  File "<frozen importlib._bootstrap>", line 491, in _call_with_frames_removed
  File "/Users/ks/Desktop/Orion Astrathone/meteorpath/backend/app/main.py", line 7, in <module>
    from app.api.routes import events, health, ingest, live_feed
  File "/Users/ks/Desktop/Orion Astrathone/meteorpath/backend/app/api/routes/ingest.py", line 6, in <module>
    from app.core.ingestion.gmn_ingestor import ingest_gmn_date_range
  File "/Users/ks/Desktop/Orion Astrathone/meteorpath/backend/app/core/ingestion/gmn_ingestor.py", line 13, in <module>
    from app.core.ingestion.normalizer import normalize_gmn_row
  File "/Users/ks/Desktop/Orion Astrathone/meteorpath/backend/app/core/ingestion/normalizer.py", line 9, in <module>
    import pandas as pd
ModuleNotFoundError: No module named 'pandas'
